<?xml version="1.0" encoding="UTF-8"?>
<!-- Generated by org.testng.reporters.JUnitReportReporter -->
<testsuite skipped="0" hostname="asda1713po02529" name="com.yaml.yamlReadAndWrite.WriteYaml" tests="1" failures="0" timestamp="05 Jul 2017 05:45:58 GMT" time="0.060" errors="0">
  <testcase name="main" time="0.060" classname="com.yaml.yamlReadAndWrite.WriteYaml"/>
</testsuite> <!-- com.yaml.yamlReadAndWrite.WriteYaml -->
